<?xml version="1.0" encoding="UTF-8"?>
<!-- Generated by org.testng.reporters.JUnitReportReporter -->
<testsuite hostname="LAPTOP-J7JGB4PG" failures="0" tests="1" name="practice.sample" time="0.007" errors="0" timestamp="2023-04-02T15:28:59 IST" skipped="0">
  <testcase classname="practice.sample" name="sample1" time="0.007"/>
  <system-out/>
</testsuite> <!-- practice.sample -->
